0 info it worked if it ends with ok
1 verbose cli [ 'node', '/usr/local/bin/npm', 'start' ]
2 info using npm@3.4.0
3 info using node@v0.12.2
4 verbose run-script [ 'prestart', 'start', 'poststart' ]
5 info lifecycle Flatkit@1.0.3~prestart: Flatkit@1.0.3
6 silly lifecycle Flatkit@1.0.3~prestart: no script for prestart, continuing
7 info lifecycle Flatkit@1.0.3~start: Flatkit@1.0.3
8 verbose lifecycle Flatkit@1.0.3~start: unsafe-perm in lifecycle true
9 verbose lifecycle Flatkit@1.0.3~start: PATH: /usr/local/lib/node_modules/npm/bin/node-gyp-bin:/Volumes/Statics/Project/Personal/simpleSite/src/public/webapp/node_modules/.bin:/Users/wufeifei/.rvm/gems/ruby-2.1.0/bin:/Users/wufeifei/.rvm/gems/ruby-2.1.0@global/bin:/Users/wufeifei/.rvm/rubies/ruby-2.1.0/bin:/Volumes/Statics/Project/Company/tesla-tool/bin:/usr/local/Cellar/php56/5.6.9/bin:/opt/local/bin:/opt/local/sbin:/Applications/adt/sdk/tools/:/Applications/adt/sdk/platform-tools/:/Volumes/Statics/Project/codes:/Users/wufeifei/bin:/usr/local/bin:/usr/bin:/bin:/usr/sbin:/sbin:/usr/local/bin:/usr/local/Cellar/mongodb/2.4.9/bin/:/opt/X11/bin:/Volumes/Statics/Project/codes:/Users/wufeifei/.rvm/bin
10 verbose lifecycle Flatkit@1.0.3~start: CWD: /Volumes/Statics/Project/Personal/simpleSite/src/public/webapp
11 silly lifecycle Flatkit@1.0.3~start: Args: [ '-c', 'node node_modules/http-server/bin/http-server -o' ]
12 silly lifecycle Flatkit@1.0.3~start: Returned: code: 1  signal: null
13 info lifecycle Flatkit@1.0.3~start: Failed to exec start script
14 verbose stack Error: Flatkit@1.0.3 start: `node node_modules/http-server/bin/http-server -o`
14 verbose stack Exit status 1
14 verbose stack     at EventEmitter.<anonymous> (/usr/local/lib/node_modules/npm/lib/utils/lifecycle.js:232:16)
14 verbose stack     at EventEmitter.emit (events.js:110:17)
14 verbose stack     at ChildProcess.<anonymous> (/usr/local/lib/node_modules/npm/lib/utils/spawn.js:24:14)
14 verbose stack     at ChildProcess.emit (events.js:110:17)
14 verbose stack     at maybeClose (child_process.js:1015:16)
14 verbose stack     at Process.ChildProcess._handle.onexit (child_process.js:1087:5)
15 verbose pkgid Flatkit@1.0.3
16 verbose cwd /Volumes/Statics/Project/Personal/simpleSite/src/public/webapp
17 error Darwin 15.3.0
18 error argv "node" "/usr/local/bin/npm" "start"
19 error node v0.12.2
20 error npm  v3.4.0
21 error code ELIFECYCLE
22 error Flatkit@1.0.3 start: `node node_modules/http-server/bin/http-server -o`
22 error Exit status 1
23 error Failed at the Flatkit@1.0.3 start script 'node node_modules/http-server/bin/http-server -o'.
23 error Make sure you have the latest version of node.js and npm installed.
23 error If you do, this is most likely a problem with the Flatkit package,
23 error not with npm itself.
23 error Tell the author that this fails on your system:
23 error     node node_modules/http-server/bin/http-server -o
23 error You can get their info via:
23 error     npm owner ls Flatkit
23 error There is likely additional logging output above.
24 verbose exit [ 1, true ]
